<?xml version="1.0" encoding="UTF-8"?>
<testng-results ignored="0" total="2" passed="2" failed="0" skipped="0">
  <reporter-output>
  </reporter-output>
  <suite started-at="2023-08-15T16:12:49 IST" name="Suite" finished-at="2023-08-15T16:12:49 IST" duration-ms="27">
    <groups>
    </groups>
    <test started-at="2023-08-15T16:12:49 IST" name="Test" finished-at="2023-08-15T16:12:49 IST" duration-ms="27">
      <class name="testClasses.Test2">
        <test-method signature="test1()[pri:0, instance:testClasses.Test2@78ffe6dc]" started-at="2023-08-15T16:12:49 IST" name="test1" finished-at="2023-08-15T16:12:49 IST" duration-ms="0" status="PASS">
          <reporter-output>
          </reporter-output>
        </test-method> <!-- test1 -->
      </class> <!-- testClasses.Test2 -->
      <class name="testClasses.Test1">
        <test-method signature="test1()[pri:0, instance:testClasses.Test1@1d8bd0de]" started-at="2023-08-15T16:12:49 IST" name="test1" finished-at="2023-08-15T16:12:49 IST" duration-ms="4" status="PASS">
          <reporter-output>
          </reporter-output>
        </test-method> <!-- test1 -->
      </class> <!-- testClasses.Test1 -->
    </test> <!-- Test -->
  </suite> <!-- Suite -->
</testng-results>
